<?xml version="1.0" encoding="UTF-8"?>
<!-- Generated by org.testng.reporters.JUnitXMLReporter -->
<testsuite ignored="6" hostname="Ansuman" failures="0" tests="4" name="Test1" time="73.837" errors="0" timestamp="2024-03-03T17:34:08 IST">
  <testcase classname="crm.vtigerContactTests.CreateContact" name="createContactTest" time="7.709"/>
  <testcase classname="crm.vtigerContactTests.CreateContactWithOrganization" name="createContactWithOrganizationTest" time="29.69"/>
  <testcase classname="crm.vtigerOrganizationsTests.CreateOrganization" name="createOrganizationTest" time="8.929"/>
  <testcase classname="crm.vtigerOrganizationsTests.CreateOrgWithIndustry" name="createOrgWithIndTest" time="10.172"/>
  <testcase classname="crm.utilities.BaseClass" name="@BeforeSuite bsConfig" time="0.0">
    <ignored/>
  </testcase> <!-- @BeforeSuite bsConfig -->
  <testcase classname="crm.utilities.BaseClass" name="@BeforeSuite bsConfig" time="0.0">
    <ignored/>
  </testcase> <!-- @BeforeSuite bsConfig -->
  <testcase classname="crm.utilities.BaseClass" name="@BeforeSuite bsConfig" time="0.0">
    <ignored/>
  </testcase> <!-- @BeforeSuite bsConfig -->
  <testcase classname="crm.utilities.BaseClass" name="@AfterSuite asConfig" time="0.0">
    <ignored/>
  </testcase> <!-- @AfterSuite asConfig -->
  <testcase classname="crm.utilities.BaseClass" name="@AfterSuite asConfig" time="0.0">
    <ignored/>
  </testcase> <!-- @AfterSuite asConfig -->
  <testcase classname="crm.utilities.BaseClass" name="@AfterSuite asConfig" time="0.0">
    <ignored/>
  </testcase> <!-- @AfterSuite asConfig -->
</testsuite> <!-- Test1 -->
